Using pre-set license
Built from '2022.3/staging' branch; Version is '2022.3.7f1 (b16b3b16c7a0) revision 11627323'; Using compiler version '192829333'; Build Type 'Release'
OS: 'Windows 11  (10.0.26100) 64bit Core' Language: 'ko' Physical Memory: 7399 MB
BatchMode: 1, IsHumanControllingUs: 0, StartBugReporterOnCrash: 0, Is64bit: 1, IsPro: 1

COMMAND LINE ARGUMENTS:
C:\Program Files\2022.3.7f1\Editor\Unity.exe
-adb2
-batchMode
-noUpm
-name
AssetImportWorker0
-projectPath
C:/Users/worn4/OneDrive/바탕 화면/unity/2D-Spine-Game/2D Spine
-logFile
Logs/AssetImportWorker0.log
-srvPort
58638
Successfully changed project path to: C:/Users/worn4/OneDrive/바탕 화면/unity/2D-Spine-Game/2D Spine
C:/Users/worn4/OneDrive/바탕 화면/unity/2D-Spine-Game/2D Spine
[UnityMemory] Configuration Parameters - Can be set up in boot.config
    "memorysetup-bucket-allocator-granularity=16"
    "memorysetup-bucket-allocator-bucket-count=8"
    "memorysetup-bucket-allocator-block-size=33554432"
    "memorysetup-bucket-allocator-block-count=8"
    "memorysetup-main-allocator-block-size=16777216"
    "memorysetup-thread-allocator-block-size=16777216"
    "memorysetup-gfx-main-allocator-block-size=16777216"
    "memorysetup-gfx-thread-allocator-block-size=16777216"
    "memorysetup-cache-allocator-block-size=4194304"
    "memorysetup-typetree-allocator-block-size=2097152"
    "memorysetup-profiler-bucket-allocator-granularity=16"
    "memorysetup-profiler-bucket-allocator-bucket-count=8"
    "memorysetup-profiler-bucket-allocator-block-size=33554432"
    "memorysetup-profiler-bucket-allocator-block-count=8"
    "memorysetup-profiler-allocator-block-size=16777216"
    "memorysetup-profiler-editor-allocator-block-size=1048576"
    "memorysetup-temp-allocator-size-main=16777216"
    "memorysetup-job-temp-allocator-block-size=2097152"
    "memorysetup-job-temp-allocator-block-size-background=1048576"
    "memorysetup-job-temp-allocator-reduction-small-platforms=262144"
    "memorysetup-allocator-temp-initial-block-size-main=262144"
    "memorysetup-allocator-temp-initial-block-size-worker=262144"
    "memorysetup-temp-allocator-size-background-worker=32768"
    "memorysetup-temp-allocator-size-job-worker=262144"
    "memorysetup-temp-allocator-size-preload-manager=33554432"
    "memorysetup-temp-allocator-size-nav-mesh-worker=65536"
    "memorysetup-temp-allocator-size-audio-worker=65536"
    "memorysetup-temp-allocator-size-cloud-worker=32768"
    "memorysetup-temp-allocator-size-gi-baking-worker=262144"
    "memorysetup-temp-allocator-size-gfx=262144"
Player connection [23832] Host "[IP] 192.168.17.116 [Port] 0 [Flags] 2 [Guid] 2625518166 [EditorId] 2625518166 [Version] 1048832 [Id] WindowsEditor(7,DESKTOP-1IUMS59) [Debug] 1 [PackageName] WindowsEditor [ProjectName] Editor" joined multi-casting on [225.0.0.222:54997]...

Player connection [23832] Host "[IP] 192.168.17.116 [Port] 0 [Flags] 2 [Guid] 2625518166 [EditorId] 2625518166 [Version] 1048832 [Id] WindowsEditor(7,DESKTOP-1IUMS59) [Debug] 1 [PackageName] WindowsEditor [ProjectName] Editor" joined alternative multi-casting on [225.0.0.222:34997]...

Refreshing native plugins compatible for Editor in 86.90 ms, found 6 plugins.
Preloading 0 native plugins for Editor in 0.00 ms.
Initialize engine version: 2022.3.7f1 (b16b3b16c7a0)
[Subsystems] Discovering subsystems at path C:/Program Files/2022.3.7f1/Editor/Data/Resources/UnitySubsystems
[Subsystems] Discovering subsystems at path C:/Users/worn4/OneDrive/바탕 화면/unity/2D-Spine-Game/2D Spine/Assets
GfxDevice: creating device client; threaded=0; jobified=0
Direct3D:
    Version:  Direct3D 11.0 [level 11.1]
    Renderer: AMD Radeon(TM) Graphics (ID=0x1636)
    Vendor:   ATI
    VRAM:     3699 MB
    Driver:   30.0.13040.4003
Initialize mono
Mono path[0] = 'C:/Program Files/2022.3.7f1/Editor/Data/Managed'
Mono path[1] = 'C:/Program Files/2022.3.7f1/Editor/Data/MonoBleedingEdge/lib/mono/unityjit-win32'
Mono config path = 'C:/Program Files/2022.3.7f1/Editor/Data/MonoBleedingEdge/etc'
Using monoOptions --debugger-agent=transport=dt_socket,embedding=1,server=y,suspend=n,address=127.0.0.1:56144
Begin MonoManager ReloadAssembly
Registering precompiled unity dll's ...
Register platform support module: C:/Program Files/2022.3.7f1/Editor/Data/PlaybackEngines/AndroidPlayer/UnityEditor.Android.Extensions.dll
Register platform support module: C:/Program Files/2022.3.7f1/Editor/Data/PlaybackEngines/iOSSupport/UnityEditor.iOS.Extensions.dll
Register platform support module: C:/Program Files/2022.3.7f1/Editor/Data/PlaybackEngines/WindowsStandaloneSupport/UnityEditor.WindowsStandalone.Extensions.dll
Registered in 0.012707 seconds.
- Loaded All Assemblies, in  0.545 seconds
Native extension for WindowsStandalone target not found
[usbmuxd] Start listen thread
[usbmuxd] Listen thread started
Native extension for iOS target not found
Native extension for Android target not found
Android Extension - Scanning For ADB Devices 328 ms
Mono: successfully reloaded assembly
- Finished resetting the current domain, in  0.728 seconds
Domain Reload Profiling: 1271ms
	BeginReloadAssembly (212ms)
		ExecutionOrderSort (0ms)
		DisableScriptedObjects (0ms)
		BackupInstance (0ms)
		ReleaseScriptingObjects (0ms)
		CreateAndSetChildDomain (1ms)
	RebuildCommonClasses (50ms)
	RebuildNativeTypeToScriptingClass (12ms)
	initialDomainReloadingComplete (81ms)
	LoadAllAssembliesAndSetupDomain (188ms)
		LoadAssemblies (213ms)
		RebuildTransferFunctionScriptingTraits (0ms)
		AnalyzeDomain (181ms)
			TypeCache.Refresh (178ms)
				TypeCache.ScanAssembly (161ms)
			ScanForSourceGeneratedMonoScriptInfo (1ms)
			ResolveRequiredComponents (1ms)
	FinalizeReload (729ms)
		ReleaseScriptCaches (0ms)
		RebuildScriptCaches (0ms)
		SetupLoadedEditorAssemblies (652ms)
			LogAssemblyErrors (0ms)
			InitializePlatformSupportModulesInManaged (473ms)
			SetLoadedEditorAssemblies (5ms)
			RefreshPlugins (0ms)
			BeforeProcessingInitializeOnLoad (4ms)
			ProcessInitializeOnLoadAttributes (114ms)
			ProcessInitializeOnLoadMethodAttributes (57ms)
			AfterProcessingInitializeOnLoad (0ms)
			EditorAssembliesLoaded (0ms)
		ExecutionOrderSort2 (0ms)
		AwakeInstancesAfterBackupRestoration (0ms)
========================================================================
Worker process is ready to serve import requests
Begin MonoManager ReloadAssembly
Symbol file LoadedFromMemory doesn't match image C:\Users\worn4\OneDrive\바탕 화면\unity\2D-Spine-Game\2D Spine\Library\PackageCache\com.unity.visualscripting@1.8.0\Editor\VisualScripting.Core\Dependencies\YamlDotNet\Unity.VisualScripting.YamlDotNet.dll
Symbol file LoadedFromMemory doesn't match image C:\Users\worn4\OneDrive\바탕 화면\unity\2D-Spine-Game\2D Spine\Library\PackageCache\com.unity.visualscripting@1.8.0\Editor\VisualScripting.Core\Dependencies\DotNetZip\Unity.VisualScripting.IonicZip.dll
- Loaded All Assemblies, in  1.480 seconds
Refreshing native plugins compatible for Editor in 28.32 ms, found 6 plugins.
Native extension for WindowsStandalone target not found
Native extension for iOS target not found
Native extension for Android target not found
Mono: successfully reloaded assembly
- Finished resetting the current domain, in  0.789 seconds
Domain Reload Profiling: 2261ms
	BeginReloadAssembly (316ms)
		ExecutionOrderSort (0ms)
		DisableScriptedObjects (6ms)
		BackupInstance (0ms)
		ReleaseScriptingObjects (0ms)
		CreateAndSetChildDomain (53ms)
	RebuildCommonClasses (55ms)
	RebuildNativeTypeToScriptingClass (13ms)
	initialDomainReloadingComplete (100ms)
	LoadAllAssembliesAndSetupDomain (987ms)
		LoadAssemblies (880ms)
		RebuildTransferFunctionScriptingTraits (0ms)
		AnalyzeDomain (302ms)
			TypeCache.Refresh (259ms)
				TypeCache.ScanAssembly (229ms)
			ScanForSourceGeneratedMonoScriptInfo (34ms)
			ResolveRequiredComponents (6ms)
	FinalizeReload (789ms)
		ReleaseScriptCaches (0ms)
		RebuildScriptCaches (0ms)
		SetupLoadedEditorAssemblies (564ms)
			LogAssemblyErrors (0ms)
			InitializePlatformSupportModulesInManaged (48ms)
			SetLoadedEditorAssemblies (5ms)
			RefreshPlugins (0ms)
			BeforeProcessingInitializeOnLoad (94ms)
			ProcessInitializeOnLoadAttributes (352ms)
			ProcessInitializeOnLoadMethodAttributes (57ms)
			AfterProcessingInitializeOnLoad (8ms)
			EditorAssembliesLoaded (0ms)
		ExecutionOrderSort2 (0ms)
		AwakeInstancesAfterBackupRestoration (10ms)
Launched and connected shader compiler UnityShaderCompiler.exe after 0.22 seconds
Refreshing native plugins compatible for Editor in 26.65 ms, found 6 plugins.
Preloading 0 native plugins for Editor in 0.00 ms.
Unloading 4212 Unused Serialized files (Serialized files now loaded: 0)
Unloading 137 unused Assets / (212.3 KB). Loaded Objects now: 4609.
Memory consumption went from 154.7 MB to 154.5 MB.
Total: 6.139300 ms (FindLiveObjects: 0.924700 ms CreateObjectMapping: 0.135200 ms MarkObjects: 4.436000 ms  DeleteObjects: 0.638900 ms)

AssetImportParameters requested are different than current active one (requested -> active):
  custom:container-demuxer-ogg: 62fdf1f143b41e24485cea50d1cbac27 -> 
  custom:video-decoder-ogg-theora: a1e56fd34408186e4bbccfd4996cb3dc -> 
  custom:framework-win-MediaFoundation: 216162199b28c13a410421893ffa2e32 -> 
  custom:container-demuxer-webm: 4f35f7cbe854078d1ac9338744f61a02 -> 
  custom:container-muxer-webm: aa71ff27fc2769a1b78a27578f13a17b -> 
  custom:video-decoder-webm-vp8: 9c59270c3fd7afecdb556c50c9e8de78 -> 
  custom:AudioImporter_EditorPlatform: d09bf68614088b80899f8185d706f6e7 -> 
  custom:video-encoder-webm-vp8: eb34c28f22e8b96e1ab97ce403110664 -> 
  custom:audio-decoder-ogg-vorbis: bf7c407c2cedff20999df2af8eb42d56 -> 
  custom:audio-encoder-webm-vorbis: bf7c407c2cedff20999df2af8eb42d56 -> 
========================================================================
Received Import Request.
  Time since last request: 503927.272620 seconds.
  path: Assets/Audio/game_player_miss.mp3
  artifactKey: Guid(2d9301f045121af42a6b4936adea8d76) Importer(815301076,1909f56bfc062723c751e8b465ee728b)
Start importing Assets/Audio/game_player_miss.mp3 using Guid(2d9301f045121af42a6b4936adea8d76) Importer(815301076,1909f56bfc062723c751e8b465ee728b)  -> (artifact id: 'e6b10177b52404e9a39dc8db5fd71189') in 0.122605 seconds
Number of updated asset objects reloaded before import = 0
Number of asset objects unloaded after import = 2
========================================================================
Received Import Request.
  Time since last request: 0.000095 seconds.
  path: Assets/Audio/game_player_tweet.mp3
  artifactKey: Guid(af0a1a5d3dc4a9f43b7c17b27582e952) Importer(815301076,1909f56bfc062723c751e8b465ee728b)
Start importing Assets/Audio/game_player_tweet.mp3 using Guid(af0a1a5d3dc4a9f43b7c17b27582e952) Importer(815301076,1909f56bfc062723c751e8b465ee728b)  -> (artifact id: '148be0d3f4b5df92c3b350d09a81990d') in 0.031975 seconds
Number of updated asset objects reloaded before import = 0
Number of asset objects unloaded after import = 2
========================================================================
Received Import Request.
  Time since last request: 0.000045 seconds.
  path: Assets/Audio/game_boink.wav
  artifactKey: Guid(b44b21fa03cc06348af128ff8df65d1d) Importer(815301076,1909f56bfc062723c751e8b465ee728b)
Start importing Assets/Audio/game_boink.wav using Guid(b44b21fa03cc06348af128ff8df65d1d) Importer(815301076,1909f56bfc062723c751e8b465ee728b)  -> (artifact id: '2599fddee252285450b0acc1587fda2b') in 0.029857 seconds
Number of updated asset objects reloaded before import = 0
Number of asset objects unloaded after import = 2
========================================================================
Received Import Request.
  Time since last request: 0.000050 seconds.
  path: Assets/Audio/result.mp3
  artifactKey: Guid(a92959e81180f684d8c113664c597e2c) Importer(815301076,1909f56bfc062723c751e8b465ee728b)
Start importing Assets/Audio/result.mp3 using Guid(a92959e81180f684d8c113664c597e2c) Importer(815301076,1909f56bfc062723c751e8b465ee728b)  -> (artifact id: '36dc5b234a9317876b8dfd7b62482f10') in 0.026184 seconds
Number of updated asset objects reloaded before import = 0
Number of asset objects unloaded after import = 2
========================================================================
Received Import Request.
  Time since last request: 0.000053 seconds.
  path: Assets/Audio/game_start_title.mp3
  artifactKey: Guid(291b5778350856543a91774ab2435dd4) Importer(815301076,1909f56bfc062723c751e8b465ee728b)
Start importing Assets/Audio/game_start_title.mp3 using Guid(291b5778350856543a91774ab2435dd4) Importer(815301076,1909f56bfc062723c751e8b465ee728b)  -> (artifact id: '4c5bd35466909502a11f987f8cf2c6ce') in 0.022282 seconds
Number of updated asset objects reloaded before import = 0
Number of asset objects unloaded after import = 2
========================================================================
Received Import Request.
  Time since last request: 0.000039 seconds.
  path: Assets/Audio/main_map_select.mp3
  artifactKey: Guid(57913350e73275b48a9cee10effaf708) Importer(815301076,1909f56bfc062723c751e8b465ee728b)
Start importing Assets/Audio/main_map_select.mp3 using Guid(57913350e73275b48a9cee10effaf708) Importer(815301076,1909f56bfc062723c751e8b465ee728b)  -> (artifact id: '25a66a8d30fece6845dd42e8dfab1ef8') in 0.021254 seconds
Number of updated asset objects reloaded before import = 0
Number of asset objects unloaded after import = 2
========================================================================
Received Import Request.
  Time since last request: 0.000022 seconds.
  path: Assets/sprite/Lazy Knight/Audio
  artifactKey: Guid(a8e689bc6ba71a54b8e05296102a005c) Importer(815301076,1909f56bfc062723c751e8b465ee728b)
Start importing Assets/sprite/Lazy Knight/Audio using Guid(a8e689bc6ba71a54b8e05296102a005c) Importer(815301076,1909f56bfc062723c751e8b465ee728b)  -> (artifact id: '7e1906caaa389b3d152d827f15b41edf') in 0.000498 seconds
Number of updated asset objects reloaded before import = 0
Number of asset objects unloaded after import = 0
========================================================================
Received Import Request.
  Time since last request: 0.000061 seconds.
  path: Assets/sprite/Lazy Knight/Audio/PlayerDie.mp3
  artifactKey: Guid(9e400871033b16440a9f0b1e2550baca) Importer(815301076,1909f56bfc062723c751e8b465ee728b)
Start importing Assets/sprite/Lazy Knight/Audio/PlayerDie.mp3 using Guid(9e400871033b16440a9f0b1e2550baca) Importer(815301076,1909f56bfc062723c751e8b465ee728b)  -> (artifact id: 'c42f84015c1a5a23063c068f58f842c5') in 0.019749 seconds
Number of updated asset objects reloaded before import = 0
Number of asset objects unloaded after import = 2
========================================================================
Received Import Request.
  Time since last request: 0.000386 seconds.
  path: Assets/sprite/Lazy Knight/Audio/NPC.mp3
  artifactKey: Guid(d648bf27c96856642af3ce526ab45515) Importer(815301076,1909f56bfc062723c751e8b465ee728b)
Start importing Assets/sprite/Lazy Knight/Audio/NPC.mp3 using Guid(d648bf27c96856642af3ce526ab45515) Importer(815301076,1909f56bfc062723c751e8b465ee728b)  -> (artifact id: '583d188f81d0633ad397077631b0c0d1') in 0.029381 seconds
Number of updated asset objects reloaded before import = 0
Number of asset objects unloaded after import = 2
========================================================================
Received Import Request.
  Time since last request: 0.000157 seconds.
  path: Assets/Audio/Bits & Bops Demo OST - Title Theme.mp3
  artifactKey: Guid(a3b304160b0b64a459308e06f9f6e640) Importer(815301076,1909f56bfc062723c751e8b465ee728b)
Start importing Assets/Audio/Bits & Bops Demo OST - Title Theme.mp3 using Guid(a3b304160b0b64a459308e06f9f6e640) Importer(815301076,1909f56bfc062723c751e8b465ee728b)  -> (artifact id: '09ff2f0f9f8bb61be6d2d1a21babac35') in 0.029700 seconds
Number of updated asset objects reloaded before import = 0
Number of asset objects unloaded after import = 2
========================================================================
Received Import Request.
  Time since last request: 0.000040 seconds.
  path: Assets/sprite/Lazy Knight/Audio/PlayerRight.mp3
  artifactKey: Guid(b20d8ad20b7352247ace836c11a121f3) Importer(815301076,1909f56bfc062723c751e8b465ee728b)
Start importing Assets/sprite/Lazy Knight/Audio/PlayerRight.mp3 using Guid(b20d8ad20b7352247ace836c11a121f3) Importer(815301076,1909f56bfc062723c751e8b465ee728b)  -> (artifact id: '8cb0369ab683ab21e6d5b11da46a4971') in 0.032888 seconds
Number of updated asset objects reloaded before import = 0
Number of asset objects unloaded after import = 2
========================================================================
Received Import Request.
  Time since last request: 0.000501 seconds.
  path: Assets/sprite/Lazy Knight/Audio/PlayerTop.mp3
  artifactKey: Guid(801d8425330cf3e4b83023a5edbfd0a8) Importer(815301076,1909f56bfc062723c751e8b465ee728b)
Start importing Assets/sprite/Lazy Knight/Audio/PlayerTop.mp3 using Guid(801d8425330cf3e4b83023a5edbfd0a8) Importer(815301076,1909f56bfc062723c751e8b465ee728b)  -> (artifact id: '3c7209810076ae9ba1639d7c23866ec3') in 0.028098 seconds
Number of updated asset objects reloaded before import = 0
Number of asset objects unloaded after import = 2
========================================================================
Received Import Request.
  Time since last request: 0.000028 seconds.
  path: Assets/Audio/Bits & Bops Demo OST - Meet & Tweet.mp3
  artifactKey: Guid(51b20a0bf9d3d15428f2c0d3594f80b0) Importer(815301076,1909f56bfc062723c751e8b465ee728b)
Start importing Assets/Audio/Bits & Bops Demo OST - Meet & Tweet.mp3 using Guid(51b20a0bf9d3d15428f2c0d3594f80b0) Importer(815301076,1909f56bfc062723c751e8b465ee728b)  -> (artifact id: '0852e066eb72ac16f31726fc3514c770') in 0.027653 seconds
Number of updated asset objects reloaded before import = 0
Number of asset objects unloaded after import = 2
========================================================================
Received Import Request.
  Time since last request: 0.000034 seconds.
  path: Assets/Audio/main_option_close.mp3
  artifactKey: Guid(53c80017f6a052d4e87dd6aaced3ef61) Importer(815301076,1909f56bfc062723c751e8b465ee728b)
Start importing Assets/Audio/main_option_close.mp3 using Guid(53c80017f6a052d4e87dd6aaced3ef61) Importer(815301076,1909f56bfc062723c751e8b465ee728b)  -> (artifact id: 'e34fad11485e9fe262d21c6977b6add4') in 0.026413 seconds
Number of updated asset objects reloaded before import = 0
Number of asset objects unloaded after import = 2
========================================================================
Received Import Request.
  Time since last request: 0.000054 seconds.
  path: Assets/Audio/main_move.mp3
  artifactKey: Guid(4caf628686472c34e970d3fc4de159b5) Importer(815301076,1909f56bfc062723c751e8b465ee728b)
Start importing Assets/Audio/main_move.mp3 using Guid(4caf628686472c34e970d3fc4de159b5) Importer(815301076,1909f56bfc062723c751e8b465ee728b)  -> (artifact id: '017846ceb9be08a99514bbd92515b044') in 0.026322 seconds
Number of updated asset objects reloaded before import = 0
Number of asset objects unloaded after import = 2
========================================================================
Received Import Request.
  Time since last request: 0.000028 seconds.
  path: Assets/sprite/Lazy Knight/Audio/PlayerLeft.mp3
  artifactKey: Guid(43cbcda966c20134c8b8344414ea5562) Importer(815301076,1909f56bfc062723c751e8b465ee728b)
Start importing Assets/sprite/Lazy Knight/Audio/PlayerLeft.mp3 using Guid(43cbcda966c20134c8b8344414ea5562) Importer(815301076,1909f56bfc062723c751e8b465ee728b)  -> (artifact id: '785ace43ae982ba0aa7fafcbd7b8b35a') in 0.034941 seconds
Number of updated asset objects reloaded before import = 0
Number of asset objects unloaded after import = 2
========================================================================
Received Import Request.
  Time since last request: 0.000034 seconds.
  path: Assets/sprite/Lazy Knight/Audio/PlayerMiss.mp3
  artifactKey: Guid(52e5380a248ba7b4e8d862d8ec071c02) Importer(815301076,1909f56bfc062723c751e8b465ee728b)
Start importing Assets/sprite/Lazy Knight/Audio/PlayerMiss.mp3 using Guid(52e5380a248ba7b4e8d862d8ec071c02) Importer(815301076,1909f56bfc062723c751e8b465ee728b)  -> (artifact id: '3da8267f62b36415a585b129aceed2bb') in 0.031171 seconds
Number of updated asset objects reloaded before import = 0
Number of asset objects unloaded after import = 2
========================================================================
Received Import Request.
  Time since last request: 0.000032 seconds.
  path: Assets/Audio
  artifactKey: Guid(455f8117b2ce78a4a8a2677bbb532fe2) Importer(815301076,1909f56bfc062723c751e8b465ee728b)
Start importing Assets/Audio using Guid(455f8117b2ce78a4a8a2677bbb532fe2) Importer(815301076,1909f56bfc062723c751e8b465ee728b)  -> (artifact id: '93e95789a331ea11b80efaf9aec2437c') in 0.001194 seconds
Number of updated asset objects reloaded before import = 0
Number of asset objects unloaded after import = 0
========================================================================
Received Import Request.
  Time since last request: 0.000127 seconds.
  path: Assets/sprite/Lazy Knight/Audio/PlayerCough.mp3
  artifactKey: Guid(946c1e88de63e6442812d7b39978117b) Importer(815301076,1909f56bfc062723c751e8b465ee728b)
Start importing Assets/sprite/Lazy Knight/Audio/PlayerCough.mp3 using Guid(946c1e88de63e6442812d7b39978117b) Importer(815301076,1909f56bfc062723c751e8b465ee728b)  -> (artifact id: '512b200da6920f5fdcbbadd61c56a9b8') in 0.028525 seconds
Number of updated asset objects reloaded before import = 0
Number of asset objects unloaded after import = 2
========================================================================
Received Import Request.
  Time since last request: 0.000048 seconds.
  path: Assets/Audio/game_text.mp3
  artifactKey: Guid(84434eff6b3e32f41ba131f92c99527c) Importer(815301076,1909f56bfc062723c751e8b465ee728b)
Start importing Assets/Audio/game_text.mp3 using Guid(84434eff6b3e32f41ba131f92c99527c) Importer(815301076,1909f56bfc062723c751e8b465ee728b)  -> (artifact id: 'e74f69077651c27d098c0ac12e6a843c') in 0.031650 seconds
Number of updated asset objects reloaded before import = 0
Number of asset objects unloaded after import = 2
========================================================================
Received Import Request.
  Time since last request: 0.000040 seconds.
  path: Assets/sprite/Lazy Knight/Audio/PlayerDown.mp3
  artifactKey: Guid(63b73245b5ab47341b6761a94c17c859) Importer(815301076,1909f56bfc062723c751e8b465ee728b)
Start importing Assets/sprite/Lazy Knight/Audio/PlayerDown.mp3 using Guid(63b73245b5ab47341b6761a94c17c859) Importer(815301076,1909f56bfc062723c751e8b465ee728b)  -> (artifact id: 'a33b80874ca03621318dbbe63498e741') in 0.025892 seconds
Number of updated asset objects reloaded before import = 0
Number of asset objects unloaded after import = 2
========================================================================
Received Prepare
Refreshing native plugins compatible for Editor in 20.00 ms, found 6 plugins.
Preloading 0 native plugins for Editor in 0.00 ms.
Unloading 4 Unused Serialized files (Serialized files now loaded: 0)
Unloading 5 unused Assets / (120.9 KB). Loaded Objects now: 4619.
Memory consumption went from 83.8 MB to 83.7 MB.
Total: 4.701900 ms (FindLiveObjects: 0.470900 ms CreateObjectMapping: 0.222600 ms MarkObjects: 3.735100 ms  DeleteObjects: 0.270900 ms)

Prepare: number of updated asset objects reloaded= 0
AssetImportParameters requested are different than current active one (requested -> active):
  custom:container-demuxer-ogg: 62fdf1f143b41e24485cea50d1cbac27 -> 
  custom:video-decoder-ogg-theora: a1e56fd34408186e4bbccfd4996cb3dc -> 
  custom:framework-win-MediaFoundation: 216162199b28c13a410421893ffa2e32 -> 
  custom:CustomObjectIndexerAttribute: 756ad292c208cfabdd7b50bc23989ffe -> 
  custom:container-demuxer-webm: 4f35f7cbe854078d1ac9338744f61a02 -> 
  custom:container-muxer-webm: aa71ff27fc2769a1b78a27578f13a17b -> 
  custom:video-decoder-webm-vp8: 9c59270c3fd7afecdb556c50c9e8de78 -> 
  custom:SearchIndexIgnoredProperties: e643bd26f0fe6173181afceb89e7c659 -> 
  custom:AudioImporter_EditorPlatform: d09bf68614088b80899f8185d706f6e7 -> 
  custom:video-encoder-webm-vp8: eb34c28f22e8b96e1ab97ce403110664 -> 
  custom:audio-decoder-ogg-vorbis: bf7c407c2cedff20999df2af8eb42d56 -> 
  custom:audio-encoder-webm-vorbis: bf7c407c2cedff20999df2af8eb42d56 -> 
